<?xml version="1.0" encoding="UTF-8"?>
<testng-results ignored="0" total="1" passed="1" failed="0" skipped="0">
  <reporter-output>
  </reporter-output>
  <suite started-at="2022-04-23T11:08:02 IST" name="Default suite" finished-at="2022-04-23T11:08:02 IST" duration-ms="31">
    <groups>
    </groups>
    <test started-at="2022-04-23T11:08:02 IST" name="Default test" finished-at="2022-04-23T11:08:02 IST" duration-ms="31">
      <class name="day1.TwoSumProblem">
        <test-method signature="example3()[pri:0, instance:day1.TwoSumProblem@306cf3ea]" started-at="2022-04-23T11:08:02 IST" name="example3" finished-at="2022-04-23T11:08:02 IST" duration-ms="5" status="PASS">
          <reporter-output>
          </reporter-output>
        </test-method> <!-- example3 -->
      </class> <!-- day1.TwoSumProblem -->
    </test> <!-- Default test -->
  </suite> <!-- Default suite -->
</testng-results>
