<?xml version="1.0" encoding="UTF-8"?>
<testng-results ignored="0" total="1" passed="1" failed="0" skipped="0">
  <reporter-output>
  </reporter-output>
  <suite started-at="2022-04-25T12:36:18 IST" name="Default suite" finished-at="2022-04-25T12:36:18 IST" duration-ms="30">
    <groups>
    </groups>
    <test started-at="2022-04-25T12:36:18 IST" name="Default test" finished-at="2022-04-25T12:36:18 IST" duration-ms="30">
      <class name="oNotation.DifferentLoopsDifferentVariables">
        <test-method signature="example1()[pri:0, instance:oNotation.DifferentLoopsDifferentVariables@306cf3ea]" started-at="2022-04-25T12:36:18 IST" name="example1" finished-at="2022-04-25T12:36:18 IST" duration-ms="5" status="PASS">
          <reporter-output>
          </reporter-output>
        </test-method> <!-- example1 -->
      </class> <!-- oNotation.DifferentLoopsDifferentVariables -->
    </test> <!-- Default test -->
  </suite> <!-- Default suite -->
</testng-results>
